<?xml version="1.0" encoding="UTF-8"?>
<testsuite xmlns:xsi="http://www.w3.org/2001/XMLSchema-instance" xsi:noNamespaceSchemaLocation="https://maven.apache.org/surefire/maven-surefire-plugin/xsd/surefire-test-report-3.0.xsd" version="3.0" name="com.technical.bank.cliente.integration.ClienteIntegrationTest" time="4.523" tests="1" errors="0" skipped="0" failures="0">
  <properties>
[...]
</properties>
  <testcase name="testCreateAndListClientes" classname="com.technical.bank.cliente.integration.ClienteIntegrationTest" time="0.422">
    <system-out><![CDATA[00:58:22.304 [main] DEBUG org.springframework.test.context.BootstrapUtils - Instantiating CacheAwareContextLoaderDelegate from class [org.springframework.test.context.cache.DefaultCacheAwareContextLoaderDelegate]
00:58:22.311 [main] DEBUG org.springframework.test.context.BootstrapUtils - Instantiating BootstrapContext using constructor [public org.springframework.test.context.support.DefaultBootstrapContext(java.lang.Class,org.springframework.test.context.CacheAwareContextLoaderDelegate)]
00:58:22.336 [main] DEBUG org.springframework.test.context.BootstrapUtils - Instantiating TestContextBootstrapper for test class [com.technical.bank.cliente.integration.ClienteIntegrationTest] from class [org.springframework.boot.test.context.SpringBootTestContextBootstrapper]
00:58:22.344 [main] INFO org.springframework.boot.test.context.SpringBootTestContextBootstrapper - Neither @ContextConfiguration nor @ContextHierarchy found for test class [com.technical.bank.cliente.integration.ClienteIntegrationTest], using SpringBootContextLoader
00:58:22.346 [main] DEBUG org.springframework.test.context.support.AbstractContextLoader - Did not detect default resource location for test class [com.technical.bank.cliente.integration.ClienteIntegrationTest]: class path resource [com/technical/bank/cliente/integration/ClienteIntegrationTest-context.xml] does not exist
00:58:22.346 [main] DEBUG org.springframework.test.context.support.AbstractContextLoader - Did not detect default resource location for test class [com.technical.bank.cliente.integration.ClienteIntegrationTest]: class path resource [com/technical/bank/cliente/integration/ClienteIntegrationTestContext.groovy] does not exist
00:58:22.347 [main] INFO org.springframework.test.context.support.AbstractContextLoader - Could not detect default resource locations for test class [com.technical.bank.cliente.integration.ClienteIntegrationTest]: no resource found for suffixes {-context.xml, Context.groovy}.
00:58:22.347 [main] INFO org.springframework.test.context.support.AnnotationConfigContextLoaderUtils - Could not detect default configuration classes for test class [com.technical.bank.cliente.integration.ClienteIntegrationTest]: ClienteIntegrationTest does not declare any static, non-private, non-final, nested classes annotated with @Configuration.
00:58:22.391 [main] DEBUG org.springframework.test.context.support.ActiveProfilesUtils - Could not find an 'annotation declaring class' for annotation type [org.springframework.test.context.ActiveProfiles] and class [com.technical.bank.cliente.integration.ClienteIntegrationTest]
00:58:22.431 [main] DEBUG org.springframework.context.annotation.ClassPathScanningCandidateComponentProvider - Identified candidate component class: file [C:\Users\JDRC\Downloads\movements\ms-cliente\target\classes\com\technical\bank\cliente\MsClienteApplication.class]
00:58:22.433 [main] INFO org.springframework.boot.test.context.SpringBootTestContextBootstrapper - Found @SpringBootConfiguration com.technical.bank.cliente.MsClienteApplication for test class com.technical.bank.cliente.integration.ClienteIntegrationTest
00:58:22.494 [main] DEBUG org.springframework.boot.test.context.SpringBootTestContextBootstrapper - @TestExecutionListeners is not present for class [com.technical.bank.cliente.integration.ClienteIntegrationTest]: using defaults.
00:58:22.494 [main] INFO org.springframework.boot.test.context.SpringBootTestContextBootstrapper - Loaded default TestExecutionListener class names from location [META-INF/spring.factories]: [org.springframework.boot.test.mock.mockito.MockitoTestExecutionListener, org.springframework.boot.test.mock.mockito.ResetMocksTestExecutionListener, org.springframework.boot.test.autoconfigure.restdocs.RestDocsTestExecutionListener, org.springframework.boot.test.autoconfigure.web.client.MockRestServiceServerResetTestExecutionListener, org.springframework.boot.test.autoconfigure.web.servlet.MockMvcPrintOnlyOnFailureTestExecutionListener, org.springframework.boot.test.autoconfigure.web.servlet.WebDriverTestExecutionListener, org.springframework.boot.test.autoconfigure.webservices.client.MockWebServiceServerTestExecutionListener, org.springframework.test.context.web.ServletTestExecutionListener, org.springframework.test.context.support.DirtiesContextBeforeModesTestExecutionListener, org.springframework.test.context.event.ApplicationEventsTestExecutionListener, org.springframework.test.context.support.DependencyInjectionTestExecutionListener, org.springframework.test.context.support.DirtiesContextTestExecutionListener, org.springframework.test.context.transaction.TransactionalTestExecutionListener, org.springframework.test.context.jdbc.SqlScriptsTestExecutionListener, org.springframework.test.context.event.EventPublishingTestExecutionListener]
00:58:22.506 [main] INFO org.springframework.boot.test.context.SpringBootTestContextBootstrapper - Using TestExecutionListeners: [org.springframework.test.context.web.ServletTestExecutionListener@232a7d73, org.springframework.test.context.support.DirtiesContextBeforeModesTestExecutionListener@4b41e4dd, org.springframework.test.context.event.ApplicationEventsTestExecutionListener@22ffa91a, org.springframework.boot.test.mock.mockito.MockitoTestExecutionListener@74960bfa, org.springframework.boot.test.autoconfigure.SpringBootDependencyInjectionTestExecutionListener@42721fe, org.springframework.test.context.support.DirtiesContextTestExecutionListener@40844aab, org.springframework.test.context.transaction.TransactionalTestExecutionListener@1f6c9cd8, org.springframework.test.context.jdbc.SqlScriptsTestExecutionListener@5b619d14, org.springframework.test.context.event.EventPublishingTestExecutionListener@66746f57, org.springframework.boot.test.mock.mockito.ResetMocksTestExecutionListener@447a020, org.springframework.boot.test.autoconfigure.restdocs.RestDocsTestExecutionListener@7f36662c, org.springframework.boot.test.autoconfigure.web.client.MockRestServiceServerResetTestExecutionListener@28e8dde3, org.springframework.boot.test.autoconfigure.web.servlet.MockMvcPrintOnlyOnFailureTestExecutionListener@6d23017e, org.springframework.boot.test.autoconfigure.web.servlet.WebDriverTestExecutionListener@54dcfa5a, org.springframework.boot.test.autoconfigure.webservices.client.MockWebServiceServerTestExecutionListener@1817f1eb]
00:58:22.508 [main] DEBUG org.springframework.test.context.support.AbstractDirtiesContextTestExecutionListener - Before test class: context [DefaultTestContext@241e8ea6 testClass = ClienteIntegrationTest, testInstance = [null], testMethod = [null], testException = [null], mergedContextConfiguration = [WebMergedContextConfiguration@542e560f testClass = ClienteIntegrationTest, locations = '{}', classes = '{class com.technical.bank.cliente.MsClienteApplication}', contextInitializerClasses = '[]', activeProfiles = '{}', propertySourceLocations = '{}', propertySourceProperties = '{org.springframework.boot.test.context.SpringBootTestContextBootstrapper=true}', contextCustomizers = set[[ImportsContextCustomizer@626c44e7 key = [org.springframework.boot.test.autoconfigure.web.servlet.MockMvcWebDriverAutoConfiguration, org.springframework.boot.test.autoconfigure.web.servlet.MockMvcAutoConfiguration, org.springframework.boot.autoconfigure.security.oauth2.client.servlet.OAuth2ClientAutoConfiguration, org.springframework.boot.autoconfigure.security.servlet.SecurityAutoConfiguration, org.springframework.boot.autoconfigure.security.servlet.SecurityFilterAutoConfiguration, org.springframework.boot.autoconfigure.security.servlet.UserDetailsServiceAutoConfiguration, org.springframework.boot.autoconfigure.security.oauth2.resource.servlet.OAuth2ResourceServerAutoConfiguration, org.springframework.boot.test.autoconfigure.web.servlet.MockMvcSecurityConfiguration, org.springframework.boot.test.autoconfigure.web.servlet.MockMvcWebClientAutoConfiguration, org.springframework.boot.test.autoconfigure.web.reactive.WebTestClientAutoConfiguration]], org.springframework.boot.test.context.filter.ExcludeFilterContextCustomizer@1c9b0314, org.springframework.boot.test.json.DuplicateJsonObjectContextCustomizerFactory$DuplicateJsonObjectContextCustomizer@6e2aa843, org.springframework.boot.test.mock.mockito.MockitoContextCustomizer@0, org.springframework.boot.test.web.client.TestRestTemplateContextCustomizer@7098b907, org.springframework.boot.test.autoconfigure.actuate.metrics.MetricsExportContextCustomizerFactory$DisableMetricExportContextCustomizer@10289886, org.springframework.boot.test.autoconfigure.properties.PropertyMappingContextCustomizer@4b3fa0b3, org.springframework.boot.test.autoconfigure.web.servlet.WebDriverContextCustomizerFactory$Customizer@45efd90f, org.springframework.boot.test.context.SpringBootTestArgs@1, org.springframework.boot.test.context.SpringBootTestWebEnvironment@5c1a8622], resourceBasePath = 'src/main/webapp', contextLoader = 'org.springframework.boot.test.context.SpringBootContextLoader', parent = [null]], attributes = map['org.springframework.test.context.web.ServletTestExecutionListener.activateListener' -> true]], class annotated with @DirtiesContext [false] with mode [null].
00:58:22.554 [main] INFO org.springframework.boot.devtools.restart.RestartApplicationListener - Restart disabled due to context in which it is running

  .   ____          _            __ _ _
 /\\ / ___'_ __ _ _(_)_ __  __ _ \ \ \ \
( ( )\___ | '_ | '_| | '_ \/ _` | \ \ \ \
 \\/  ___)| |_)| | | | | || (_| |  ) ) ) )
  '  |____| .__|_| |_|_| |_\__, | / / / /
 =========|_|==============|___/=/_/_/_/
 :: Spring Boot ::               (v2.7.18)

2025-08-07 00:58:22.875  INFO 30768 --- [           main] c.t.b.c.i.ClienteIntegrationTest         : Starting ClienteIntegrationTest using Java 17.0.9 on JRUIO with PID 30768 (started by JDRC in C:\Users\JDRC\Downloads\movements\ms-cliente)
2025-08-07 00:58:22.876  INFO 30768 --- [           main] c.t.b.c.i.ClienteIntegrationTest         : No active profile set, falling back to 1 default profile: "default"
2025-08-07 00:58:23.410  INFO 30768 --- [           main] .s.d.r.c.RepositoryConfigurationDelegate : Bootstrapping Spring Data JPA repositories in DEFAULT mode.
2025-08-07 00:58:23.466  INFO 30768 --- [           main] .s.d.r.c.RepositoryConfigurationDelegate : Finished Spring Data repository scanning in 49 ms. Found 2 JPA repository interfaces.
2025-08-07 00:58:23.627  INFO 30768 --- [           main] o.s.cloud.context.scope.GenericScope     : BeanFactory id=22ffebbf-dfa7-3611-8c83-2f05f70b7ad0
2025-08-07 00:58:23.930  INFO 30768 --- [           main] o.hibernate.jpa.internal.util.LogHelper  : HHH000204: Processing PersistenceUnitInfo [name: default]
2025-08-07 00:58:23.990  INFO 30768 --- [           main] org.hibernate.Version                    : HHH000412: Hibernate ORM core version 5.6.15.Final
2025-08-07 00:58:24.140  INFO 30768 --- [           main] o.hibernate.annotations.common.Version   : HCANN000001: Hibernate Commons Annotations {5.1.2.Final}
2025-08-07 00:58:24.256  INFO 30768 --- [           main] com.zaxxer.hikari.HikariDataSource       : HikariPool-1 - Starting...
2025-08-07 00:58:24.428  INFO 30768 --- [           main] com.zaxxer.hikari.HikariDataSource       : HikariPool-1 - Start completed.
2025-08-07 00:58:24.439  INFO 30768 --- [           main] org.hibernate.dialect.Dialect            : HHH000400: Using dialect: org.hibernate.dialect.PostgreSQL95Dialect
2025-08-07 00:58:24.897  INFO 30768 --- [           main] o.h.e.t.j.p.i.JtaPlatformInitiator       : HHH000490: Using JtaPlatform implementation: [org.hibernate.engine.transaction.jta.platform.internal.NoJtaPlatform]
2025-08-07 00:58:24.904  INFO 30768 --- [           main] j.LocalContainerEntityManagerFactoryBean : Initialized JPA EntityManagerFactory for persistence unit 'default'
2025-08-07 00:58:25.537  WARN 30768 --- [           main] JpaBaseConfiguration$JpaWebConfiguration : spring.jpa.open-in-view is enabled by default. Therefore, database queries may be performed during view rendering. Explicitly configure spring.jpa.open-in-view to disable this warning
2025-08-07 00:58:26.130  INFO 30768 --- [           main] o.s.b.t.m.w.SpringBootMockServletContext : Initializing Spring TestDispatcherServlet ''
2025-08-07 00:58:26.130  INFO 30768 --- [           main] o.s.t.web.servlet.TestDispatcherServlet  : Initializing Servlet ''
2025-08-07 00:58:26.131  INFO 30768 --- [           main] o.s.t.web.servlet.TestDispatcherServlet  : Completed initialization in 1 ms
2025-08-07 00:58:26.338  INFO 30768 --- [           main] c.t.b.c.i.ClienteIntegrationTest         : Started ClienteIntegrationTest in 3.805 seconds (JVM running for 4.518)
Hibernate: select persona0_.persona_id as col_0_0_ from persona persona0_ where persona0_.identificacion=? limit ?
Hibernate: insert into persona (direccion, edad, genero, identificacion, nombre, telefono) values (?, ?, ?, ?, ?, ?)
Hibernate: insert into cliente (contrasena, estado, persona_id) values (?, ?, ?)
Hibernate: select cliente0_.cliente_id as cliente_1_0_, cliente0_.contrasena as contrase2_0_, cliente0_.estado as estado3_0_, cliente0_.persona_id as persona_4_0_ from cliente cliente0_
Hibernate: select persona0_.persona_id as persona_1_1_0_, persona0_.direccion as direccio2_1_0_, persona0_.edad as edad3_1_0_, persona0_.genero as genero4_1_0_, persona0_.identificacion as identifi5_1_0_, persona0_.nombre as nombre6_1_0_, persona0_.telefono as telefono7_1_0_ from persona persona0_ where persona0_.persona_id=?
Hibernate: select persona0_.persona_id as persona_1_1_0_, persona0_.direccion as direccio2_1_0_, persona0_.edad as edad3_1_0_, persona0_.genero as genero4_1_0_, persona0_.identificacion as identifi5_1_0_, persona0_.nombre as nombre6_1_0_, persona0_.telefono as telefono7_1_0_ from persona persona0_ where persona0_.persona_id=?
Hibernate: select persona0_.persona_id as persona_1_1_0_, persona0_.direccion as direccio2_1_0_, persona0_.edad as edad3_1_0_, persona0_.genero as genero4_1_0_, persona0_.identificacion as identifi5_1_0_, persona0_.nombre as nombre6_1_0_, persona0_.telefono as telefono7_1_0_ from persona persona0_ where persona0_.persona_id=?
Hibernate: select persona0_.persona_id as persona_1_1_0_, persona0_.direccion as direccio2_1_0_, persona0_.edad as edad3_1_0_, persona0_.genero as genero4_1_0_, persona0_.identificacion as identifi5_1_0_, persona0_.nombre as nombre6_1_0_, persona0_.telefono as telefono7_1_0_ from persona persona0_ where persona0_.persona_id=?
Hibernate: select persona0_.persona_id as persona_1_1_0_, persona0_.direccion as direccio2_1_0_, persona0_.edad as edad3_1_0_, persona0_.genero as genero4_1_0_, persona0_.identificacion as identifi5_1_0_, persona0_.nombre as nombre6_1_0_, persona0_.telefono as telefono7_1_0_ from persona persona0_ where persona0_.persona_id=?
Hibernate: select persona0_.persona_id as persona_1_1_0_, persona0_.direccion as direccio2_1_0_, persona0_.edad as edad3_1_0_, persona0_.genero as genero4_1_0_, persona0_.identificacion as identifi5_1_0_, persona0_.nombre as nombre6_1_0_, persona0_.telefono as telefono7_1_0_ from persona persona0_ where persona0_.persona_id=?
Hibernate: select persona0_.persona_id as persona_1_1_0_, persona0_.direccion as direccio2_1_0_, persona0_.edad as edad3_1_0_, persona0_.genero as genero4_1_0_, persona0_.identificacion as identifi5_1_0_, persona0_.nombre as nombre6_1_0_, persona0_.telefono as telefono7_1_0_ from persona persona0_ where persona0_.persona_id=?
]]></system-out>
  </testcase>
</testsuite>